U2FsdGVkX1/TiIwkkF/63DakiFjcYPvYfIh6JybMt+ziOvpVyDioAZ4Jtt7vic2S
GWv9SqmfsN7MzhQEeBxsjHmGSDExLXxJka4CUHJ6bQtgN83APaSqZnWaIBl12qAa
So55UAE5sXbMeCk5tkQ4GodjEKpYcqJAkoe1ezSuO1DVVpFcr2xHnxdTBmRwPVqR
f0syZP8HDpoWfRHtOfd/82Lg+M9uFiylq3KQqQDY0lfkCs0lyeThVQXso9QT1c0h
U+fz2aUjsdGGszmwBPy7cpVS33pZt1wRXtCUYtSuj0BUI+NBNbV14i8f5yKbKFH0
eIHNw7idCeR9NvOB5rqoHRw+vMRWccVz2kTA/SNFamptFB4ytWzrWj50h3+rDynl
QTuvKt68i9/8Gmp1SNGZwxiAGlNl6PtCts/zxSbR8bE3dHJ9TwXFkEy4+GgjvcHF
tjkp7aiMKImkUoCaByBU08AeW0bUMu05PTwU0x1OyDt8OT5Gf/fpERZlNBVbX0Fc
oKW9s/M2KAAtepreErhpsJLAtTQwYmlr7TXwZQT+KRxRG46VGg/e6ITSdlo44oIq
m/OvsSFO+Y0f5ibwqkvH9gSlAljXUVbyTcpRq0Jo/ErVZWagW4lj+7itQBITOv7K
GREoyrGHw1m/NA8DYeiUsxU13iZgVn2Hd0Okixw2RbDSPib4rpxvsNtKtK0RvfCU
BFlnOCvx4n7TptBkAEejsyGb/PpcaMyKoPm4dr92JMQXyVQbxfSS00AN07v5v6HU
IwpfDC5iVFX5tjwbVZU9Gb/1pchMGGLGbMSqlSMp79yp8tR26mvxvQq1lubMfAJs
dhWzk1okBIXBmCIcMelNxxOq+Cz2b3+TLFdFhpTQ3prWTE3ZvokVwsEXB9s15qWK
W21NaVmY4PxqFkKFC8jNUQDlbWXEuvgTOfgTmyDnJaQOh22sYzMf1skw9+jnpEWV
51pwe4MaXzVq8+7P0LfWeUJm16xfvMv3ffXYnMj6jhNaw2O060lcF3dEGPFhC6f/
bpAYlZXwWITdWBJOkg09NmFysJf4XKYPRTyMnjezCdeN6GDU5GT8A0KAG7wSzPTr
ftlpE7RGgiNp38AH1s1ZvuJ1i+vgjnkPy8/Zjql5/YgsZUI7FNbXXC7XQn+CtiZA
xLsdVM4Eh8P+Njg/MOo+L2Nvzg2m4GiEOyxOwkLwUXNr+qQbwPINo6s1Cfa3gS+D
qcqX4CGWbI2FS1oTfTw4L8H0SPPmr1mNSNWlN2yNHDxWubWlvCvPIQ6CbDqFSh/+
GwEVIe5S164VsdvcY+YwS4TZhZi0RfHIz1bQmiGFxuSEtR7I5bkndt52+JUr+547
+ANAtMtB/3f3uk/Bq9jQ1FlO2E0zB26ysCovDFV9nk5VxhLXr316x0I4bQzyM7mv
HYbC4tOciEz+jKftspYqWbtIbN2QMfRozptEGq5XvmgBoWyi7fGNQCJ6Lrlf4u16
Xif5zz64KrnP1Nq/OfLU7uUbqsGulh2n81EckiM7iNa/yhSimRBo1vhY2mdcFy8i
hWfm41GMfovcXRUXg6dAZOq7CBB9xC6lVg4L1dpGdmS39vNNrxdu205E7QQ2pJss
ib1ZXcjlzBN7bynpHghE9a9F/WYKmMTU/F8krWALMHIjvdsBMWQd8dLlH0l+7IxM
5gKCCnkaK4TbvzRtA4rU4ee5KrHAHRJ0LIz21ROVHjiBqKW4y51Sb+aXp5XVtK0/
lPyDcXWRNTRCuj6eD6VMudsZp9EjY7GHB5GvHStshena4BESXlvNGqdYvvwqazwd
qfglvBnal1GoVEvp+R9AtR/co7AZRNo3DPotLnBqzO//6tTLu99YFZfsEniAOvr2
PHjOf+JRWVMkB1GwjYmy/9LjSwNAFxIUSYfNDpVhLs0cXbFboQx3M+9mhjEtAseL
Gx5RYX1upl6xsaAnOH2G59rO7z/0rMKiuCx3WkqywoMuCekfkw6xp4tXOtap99s0
tJCkykUuhL45RC04Lf3Px/AiUJxNX97hsYDGIKNTtox0FwsCLuqF6kWmY5DstS0X
9kAZFIixzHvgqDNRnltT1lQCfBNEQgfMiv3rwSSt0MDKuQkMKfIsvpngLsywEga+
3orZY11u7qbiDdNHEt2JLyuISQZtE9mgTKwBIwu5X9x6+RaKzEbPmo30qdl32jt8
qNQVWrgJiJr8nh+U15e/A+r9VWbssYu1+QPCkRXH+EclT9USXHAYA+08M54VWpgd
P0ty1TRVFvg1pTla48fnyVrAX9ihuta6gvmr1qmb6CQrNgjPhXurXS742qEAt6Si
LSnfDLXFobShJKmhmWlpp4tQfFZE9o+G2Bf2S0F5nPWhTH/uh1NhOnS07mFzniWW
QEvw0neRH/h1doCF/OD7wA3SBtSzOmdleqzreMQ85gBMjsk+l+Q+N0Q5Svif2iiv
vVnkWZbbEPGNvsO671aaqy7usbuXzLpaOEmgoaRjpOLV5VGOZW82JNhajKxt+ZhN
PyNa6tJOW4wJaxNPffBOaM3iAqiXGuiwLlV3pvwP2R2f6Tn7LhXON4asWNiWuS2n
B5Yg53ewQDWL1X6n+CCvuDZ8WmvyU8ho+Uzr4+YnrKveFHbjkUUljL4F25d8TCkV
iYh+PBVr4PAGfK6dPTLQL4fRo9x0kyiA0DlNWRZHeOS+ZdWePJMmAKstRv0mJoV/
CqAtHn0umd5CEhNvmvg1mo9Q+LAmNglGbV31/OkSglluCH2Of0HGeSyKPl+QqOXq
X1/6AO7Vstap1znjfGWXhbqtTVPnNVNucxj9uTRKX2lxGAmgmNVcqi/8LU8KOv1U
9a3M/ukh61mEdiN44cbRK3Z9KctpU32EolGyAFT2G5dzXRh/TxLHqnBGz1auSGe+
MDwSdNmTs7pHLvM2IrQyFeHZsxCz7mFd/3acOnHbzJDKkPJo70oRJUJUZyQLInR/
qQ6oZfrTffyPLzW2dM0fzu/N7oYNfcbTS6Naf+V7mKvmsraDFWzcwL6LQgNc79b7
SJHRzDyp4Wxx64b4RZn79JKLDEfJQQvrEwdo0QABOHsW34UMoYYNg4Qf5jj+WL9Y
dVZPpH6wAvstilYQZQ+n8WqwjG2fcXXjfAFuX/MKeyxzdVQw5mCvyC0KD8XIUBYb
MtpyBiagh5MNeB7nyCKkPqmzNGvTcORFByazFpoKWl0kf3VBBl3sae0vg9Hv7Tst
Z9AjfDDUABwd4oaIEEjzvz47PEgZJKCyb2i2+bv4OKl0CAcvJ2fAPH7+DpFoO3bj
HQJFiTBglUieEeEjqqxdJHHea0Bh6mDjOFdXCv/9gq14KT1pCQ+rGqsDHovthr8T
5+xjRylZq8lhO/zFMY9HoYSPaURxGxGnVIJt01GhehfyB531Xu7qRf6SHKQMtq94
qqGCE6E3ojWZv7wuuG+HvDektsHmKJKNOkzHNZlJWUr7WywB9P6OpK5Utfz2g7vk
3X8RVBsCt3NGHIb0Xkpu9skvFjU+7XESaqtErzmZyP1kmvFwBPsZMJR5RgePHI/f
61MI6Nbk3Z6oOs51NEyqw50TiUmIXfciEAvGfrfJsMAe2QIlGTyE92dmyM8n2Id9
tdp5XfW3A0XUQtKk+j0TVUdfx7RYSuFl4RFaNR4auNYot3zlU2b531BgazfYCHL+
6uqPyyQVQMidq7/GUNDMnr3m6zH+gI499DEoSHi6j8wgFcxvwA9/yoCL0fdywKtm
ct4b2nKg3bqkIip9zg5V4tgcvZfwOPSro6/bSAlGLROp6Ogp+KgYbgkFWy0nwRPX
OMs/SCGmb5MvHB4KGApCPdic6R2w7Cd599YUSpigd40yQiA5MUage3nFRVvDBMqg
yMxls48RZXfS1xWTNILawy+sNQS86vsMN0iE31XFqjMdQ7s5h9pGzfJqgR2WqhGf
i8+jBZKk1FEyUdQaVgNIzHwXJwRLjsi4N1UdRAJAx2meuL6nJmqQ66AKW43O68d6
YDlaBhwJ1zNxr+hbTFae1wbmlgqhvNylYT9Z678xKja+03RUSD+yUKaGtadlGjNK
XorpFtcLLs24dw3xqF8JjQLu3s+vgcra/pc+/7zjzDTG1XfaSAtyZQqsSzat7KpQ
VB8QW/esZ2/G5FL3HLC3jOuNjrlu54CST2OKqUtyf6wlKbgjrz4tGYAWF5JK5oug
fgfELXlsw9pft7eLGa6iZoCpd+fKuVk8EFAB8acdv7gothKKjkza10Gd5tZcRxSK
A9+aKLiOjCC3HWA/BIKcj8rMI1oPFU5Clowwxd8cY9WM41MAij6wcnrH57YmkAtD
C+2h2sEnROF+8n6kImG2kDOPxB3ab73+aL7fOY4XXOoep91Rjio2ILNAeeohHX9g
+06PQ4TubuO0TTyPF1s/5LwP7xSYmhRKGd0HhmrRSmkibRYSf13lZsPKXF9e/Yqv
eCMev7vFPjITBxeBbU6KSteyzwRZywCweFWDtHWLj9DqCQJrrIhdT2HhtEMKkoKc
rabcYUIXLB/hC7LCJWEN96mbqem6e26jc6eJV/pmvEchYhD9CieiGzDJB71HePK8
uuLIdHM25xKvCZSrmanRSjyiTjIwfWoEEMztElj1Ny5n55q+OKiUkEM3/Ve2L0ee
EAmrqx//C64gWBdN7v+q+QGnP8veRppmUpXYm1hOesDsPSxhwZP5HsO0yAcHbSY6
AFHnhe86RnEdpZrtBwRp6lwRDehYJKJyO4QdqoVcO3H9G2wzj/Y3K06t/vtlR8ki
QSRFHtWb+7yETYCwY5cglI8eTtOtecHdWVTckP50Z2E+gmys0yUGubj7WwrUu6UD
g05Us2U2JbVHnDtBWBI4B/buSzqqaLCOHnrab+LgCtr1e3dYdJ1JNz89p9ygZc7h
9jiaLKm7jvRmXRs/r6qzKIVPe4jD0VegCVx1w1T11kaonDcMxDa5PhwWBNbb/nxa
L3toLwhnPF0U9fnKFqs+ez0MAe96IGitUs2T+cBmsH2m3Wjw4qYO6+JwG/tWt6LN
7TAcPb+vAQULRY48ZpktMuaELAEnKpN5MdXOwoaKaggR3oDC+EsS9+oRyLoyV/aL
j5KPVItgTQo3EfCWvSRfOJOxrJRgjd4bFRKNT01VrPqSBBtctcoqrX8st2DTFqGM
ez+XF38osex4h6MtCiToWEFYI/Os5zB/maum2mFPsq5NS162EKGyC4pNiiw1XSWO
n58istrVfCgzfH0uBMz47nTDBIlZKh7TVRCJzmXaiSMSZm8JdOXCr7HY2NtNBiqB
jsRlb7O8GnQyOZNuGdj7U5ovQez4JVrnAGukR4HpRcnqZvDfxhu3Takam73lIwKT
NmCHQgpOwVSfu9KEEwJDcHL6ifu+Ho6nZANWfKI4T6NdEgSKon8WDpKo7NnWUqAn
TmMpfeUHhxxZCFUAUijbJz97TfnpkK1tKAbbqe5hWZQ8WTs6xL+RVFzV4KlbjoUP
h/EAroB7QpRsTiurixHH3YV9AKH/t3Aw4LFY0QSNk2y9bWSX6da4+RVOobcS67UJ
h3j45uCUO35W9mvmrX46isTJDCeWGcvb0WurFvBc5N2WJaxj7BSI4W0T9qx+SPky
xl2tFnqQQFLrXFtnyIY9jhs9S93/MTMkRFN+41mgtPFVFbopvSnobLnacatUk3Ix
9Utq+9csFOd8PNFgzQ9qNTQ5FcCuPAA/00qXgQBo/s3eqbGSDbRn1a+FJ/SW4yqI
da2+TiE0/S4GPJ8tHvyCcql4S3ikbBqg8gmDfi9sYlypMsGmx8DMdmd8APS57nqO
jXtANEH+GYK3v8EXpw2elAO/YAl3mWzNhQ9ywPEGnbWqfaxrZF+A4Jr6zolBHTYc
YQfIYXpN6QcKHpDLX4MoSdVhqtvIT+YQ+2k5cFUgf6ZJ73R/fHsHVkqFxCfVqcr1
+2Ou9KOrvVoHOGCb9IststI6ufU5/gVkYRvgPOOzORQq13PzLeeoJJ6nh7wi0JCm
FLdBMd8Eba3rf0KMi0ASfbujC3HA7g+o/peqXyN0iUOc9zyPOwNcaMXGIh+I2ckH
x9L6kj73UoKVdOZujdAFOIcnbCQffaMYLd6z9s5cQJduFpNJq1T9WbVnWbXBLWjH
GPz9pIukXiazZTh1tumpIi9biOHSNESXR/iLFZkOq+HnKtTnIMrXEmf6DGsHuR39
ABXReLyYA37sV/Xss995I7CJ8WmVsr9H1Afexs1UMi1x5ibkN2Ao+QK4jOeaOVVe
2LJhwaH8ndnTfg+FUTQpYnmm6uRWjjrNi5+ckizgFrSfo/TB+dUvbCBAIh5E4XdC
SK2fiyzetg91TXTalKj289zQHxvQMbYHuz/sleAZp1aZzaPMW1GhTUoKh9iI0Ss2
KBfwc7AnVZbvKZMyKwgWUzEsyZVcOty+ATMsUKLziAK3Tc5RdUHJfw23ql5XcxFT
n5zNMwFGD4dg3eq76E2hMqEj4tI9eG9ouW+2IpE7jhptqCHesESeRGvrQbDvscyk
QbMOeGc/ptIeBRmjiYs1XPV91yBjTZ7ucoaFTsWiq5Tlzd1/Eg3Mk1qkfPqXGkWY
C2ZlscbD/uMIv/3WaE3YQet9QMVnumUNk6CVsLOZsufR0YGplF89LQY8QjK7CUsZ
oay5EPpTzyz1qTAlbvFkBljBSGExA3CjtRIUX5gkfTLr8C+ZALKuaegyQziXLAEE
jS7grqOVB2c/fb7u/PmdPjEqbj0myfJe/61uxUwbzmeucRf2E7gu/UyHUasEv7Dc
IH6r3BnUp1OKRG7R3X63T/uk39VBX3W13SO1RE7eIBkGqBLMHFTR/nt/dFCd/0wV
dWK90fqC7yauNjLOd/toAFYNAY/eNnaiIkfW5f2/IzACjljUnkQvgeX0Cs9Ox9WD
Rm9BsISwzFgRXdC+0bfOh4fjB7J0JDWuUpUFFKK4qwAqeQQV7bSUxvi/ijJBVWaG
dKZYv6IzV9U664fDTaEnmL3j5jIQ4VJ7fev6TUXxnC4PokYuNtKnA78r0T5hTvIK
IyXaeMlUDU5RH3xxtS7e1pRGlEKGzZCODpIKErcIlmCBwFptO4HADY3HEGaNN7sj
0jXUGJJ+QqoIbSEjVLuYph+xpeNq6OQWtqLxn1mv8AFUo3Dm8rbpv9VCPq/X6oi7
jCyhRTSbOUc8iEUH/WTSTAlLEpREwAaga0kXxxKcfS+xZp9CneAPaBJY5CAOlsOc
kmr8K+kMfAZ7crQSx4k9KxknXtwfQ0bHrVusOGoM/xwnMJw2fXJA/Cho7P9aYtJc
sWDUN+SBuk5aLyxAhJ3eBmjuDtOdcJFVnkvvNF1x6PSfo1eXgdDKb1Rv4KCCU13j
u8UdmpOh/6Hb5yMnAPoaNwloXHDJp2t36gSH00a13paPrVqjt4fgFNjhyXSiIRsX
84z84lOiFwqIm6m7AIK8Q9ZF5T9qsfe55bdxMvH2LO2gy4CJiVRO3yKEvwgMpVpC
xBmBoXMzvcLf+UsJSb465eGMlp3VL8OvuqxdDupsSKwjQ6NXs219Nupg7zcX27Mg
/ChGTiZ2RHQlCy1NIOYnJB7zXQ3yZLEhbkWTDp11utBo9ahOe3ykaPZvoVtB1Vmy
NFdQ6zSOvJCayDCMS4fZi64Ok1893Ai8avm1mmaD8vfN2hE5Rg7Q1zxey3ndo+lj
HEcrAY8W2zTZQNcUDMbAB88eXQ82gM0M9PBE49o08y77DPqCufJM6y1+lOSO+UBC
pNakOB4q/e6Tz6NwVlwyk4vdWn79YtaKECQDDA6Kck0JDKyV25Etm2HpXT45JOVc
xSExhbTyiUX4DC/Iah5EtMlG3IeBtQ5kFnhz/o1kH5efbGE7WUHIOsLQi0bo7qQZ
V6Me70h2iXY/kjiD30n9cP+8/bExUItTNr5bfPerIoEA/tB0G7nn0znN03vlqxrY
1axwn4tx4I6x03RmgtaNdS1aUj9skwHfpjptLmGnJdyjx58436ZOCUhqseIxnURv
uAIJ0W8oBjFw3+Xo9ujF9AFvuZ3LYlBlYMySWIuKEv+ZR+m2VtfevVNvfKBeix8x
1V0HDMWs6ePML/UGkqgrU5NkOSgcVznocCyWGVkXcNfGoGC5AjZhiUxLbBYcdCwJ
cPMSlgyGdCdkTz4Q/EnWeEKPJTzsj7+NGE+ey7UtYlxz2vaT7F+NkFL6SZtfKW88
yY4fiJ+Txc6sVxhHaaP2fvV7olKfMSRVgvZlm1HZJMqVRovmY7zRHHTa/maVv/3l
wV4FJu58c5e9YjdS4tzBLANTAhMaP+KH8oHEesei4jkmAMSUMOqM33BGciP5EB5j
hyewEj/1lNUnp1lP73Cm39PYni2EZeWAuzOxmrefUNVdbKAO8CY6jDXoWodYWC0V
1351+HJ3O8NVj0J7qxgRo4EovTexNMXbqlmPgGCjOZmvnLoRP+guFCsztF2rtPPw
PFjU/l9QnBbSADIYJRlLTODsuQ3qH6vzeFybWkc7MpX7xJmZXJpkzrE2oG9Am7lw
5/QesRnm+g6XTuv5PYLRYnEH3tYK8iVQ0GMuoChnW6LuOHw+gHPyuyc98maLVwbz
NwXW66z+1Blk2aChoqOHqF5E08PxvFcRwQgKjTdR22tzguOiC6IACo8nyWjIjkrM
pestMJnBZ3KfscoVnmhtGR49BeVguOwD/GwlQh4vTiPvUDYTQYGAyJJJEPZnmwfc
14DDPi80yMVv70BtKChFL3R0vvVIU5TgTqpLV22g4kqnZ+DylKm1u1kDxxfWj57J
GiUQKD5H47+Y9NO/XDvDsmzmol8RH4pKC0RVVJ7A3CxxjmHXeJGzbCgMinik7kAM
L5OE1KlR4zJuWr1Si+mWEXyaRUlYbZHgfJcfx4vgnNbtRn/pXKgdEgdaa3xOdusV
T0d/MJZNAG58CEGIVZZwKypyKCUPAfPoBdgzm+7pZqg/D9xqPPVpGnncU/JohFuF
tVgWSo6h6grKBYSXMqB6K5GjKWRDh1s5hjI4uuGWTVY33qQuv18RSPa0Aqid8y+u
fGVXXrVQJBbzBXjBaikx0WencSief+QpyRkhnD3d4l41L1mQHy7XpAQJuRVTjvNk
J+Fit/Eg8omG93tWh8OsNEPhYMWky2tvP15m8aIqDP+X3DBj3Jhqh6qE2JcIqSG+
FR2qpOBfFjBPL4bv2QOMgMRePt5XamenK8d6UIiBq4wuXDarQ4H1C5pUiXoI4xy6
sFGBhGNnrBd+i514MpGr6J4A5yMVTYZLsVszRK9YuUxSjBIiDs6Z7WSymS1SkutK
+7moIvRHOvQejg3DkowllFEEntIzvQ+Dmq8D+qffB1opGGJP3NB4PIdjMVboznKr
iidm8Y8MqXPLyAMIQMnpW1Ybo8hCqtN+DxznPf4rQVEtfUdqdxmtPlQWNiCwxPgL
PFyorYFnH3eIyI519pJWdk78GwdF5Z3SKxUxl0n3sUqAbFdpBEaWdhkRNpEt54sC
DBp9f/tBEOsgLwuirHcqxQk6lQsmrOkeT+G0+yYOSGS474s2kB36yTaYRGa7/yW7
N2ctEh7VmxjvBQAX1/L/nfRZNQ1mBarmYdIAWGE7k0Cfa/l0VmX0dqCrmKXbAZP+
yY+YCce0mEkp6GV2gJf0rfUMuGk9lnRSh6DUSZnOphzMXAu4dIEvNd72uN4H4/rr
6SB+ZNXy5vPH2CKDRqO7BAgSXr3IlSdEZG0d6N+P/xcMznbtQWJYFDvRYxYJLkdz
lmn7YiapGXgl0dDl0i+CLhSaHqX0oxbjl6mqJIqjLUEZxB8pNljz1pJiN6SKBOJa
SRUJxtDGEGpVtLgfibZE3kju++d3pwTpysMN0yd6gerqYavL1xCdVy+cz4OFCYLN
d94/9sGG0KGcghYmiBUo9qyU4+6TMUuI51Rcxxcgz2xUddECrVQNV2GCK5dSwmtf
tweM3+ntjdqNDaGLOLs1I+nAfORzD2fsC6XbgXcfs6BIXT9sCjZZhpNTk6BCoeml
Lj/uzE2Cdpv+LbIP2apzKSb9ZD0ttiLTJV5gzsViPju9eM2p6C6PuXOjch/Vo5/h
iiCPQbyGw5c0l2PdNmn65/hNtR0uicNDrlQv1zKRkGiHawQ2PWG/VofX2JvvtiMD
vwxswuXCJQCC0mSBAILHgaPAf0CXNI/J7tmyPyuhUhrPSVFpsc7Q/dr6MelpWduX
CVVUF4CIBxM3EH2jB4l1OjAHg24hZAACTAeB/Vlert/SEyDIKeFudUPxEzq1GuYM
vVkUPBZQzch6WgKf17Dh9IfMwBmOS92GmE/qdXU7xd6cJ336jgOFtTUdbjUv0b+E
sgsswyE7niiZ7LW1UekWsJvyiuTn8nYZejoiaLORs9JI4/u+jPQqDV9u2WcZIl3w
8P35SJD2+RJoLOkcB1SUWTKRRx1TUjVxGzDXYmU84NmHpR17mUy0etFV66UJlpjx
Vwpa4cvYdgjfZWJywU5AZwnaDZbQ27XSDE3ySGuQWnqxMRD2PxISnfjLuW6nUPaR
F/a6sfKqlLVC0Afg2auG3I6sP8cgJyfcGeIbpg4yazIRGagxo1rXWoS0Q6in9nU1
apelbkqefLE6LUbnsX7s7eLpv0nzTTf21vRf1Tg7tVkY3Js1trvnKieHscLglkwt
+pjGKKo7EfebPhb+A0GB1Gu1AMzcVWh88lR9knZNisIjcAcDucdGMRryHUmlEsXK
oJa5BBYAiRFLyPI4PlydjJWnVZ23Bvlkxyl+hDOFRM7UJst8tzUTqruQr85vawO0
sJhmR0gyhYelGN1gmXx7aSaQFgSOCw+d0ruL4ouzlaSaYgitW89KVUAa1vWRiGMS
kkSC9wq8mmuK53Ek4RLHjSBRWR9bYsdKb6SCF7VtA/5U65kjm/3u38C9TtRsSA32
ozD6iJCZO4FUQci1kL6iHl5TizVqzl2maIM/tCF0accrZv5zrt6Xkk2o91pqqICd
W+bvBlxPMeOqOxBMQ3EzIGudxIiN+MEjake8dotRXnLLDnO9xtHbfwKIMUMLMtL+
f2e6d3qZAnT5Tx2EV/ChG4xxQ43FAtofJoNLrgQkBkHw7m3U1ixCtwonYf2vZ1zr
csZx37tDBaGuPNXUW+ZJkn0XxWBKRbchvOruD5wcjM29Wh7TyWE1ib0kZRv7u/36
i4QkVXwoGGato/4soJzahYfUUHfNq60OvIw30A/fSuOnSMOG1dKA+BDDqUiOYJhy
L8UVEoblDk12ySQbYFEwLFuJVkvQm4KbRtD6N0q2lek8vZVsILWjMl4lx5QZWuiZ
FiDWzhcm/ssIlRLYiuVG1xI80s3Ru1mSjsUPcLAk7C9t8+urUJTI+Vn7dbMS2P2X
uUuyqLThBMGUXb2/tKDTuO1X3BoiEz1wkxSgN3in0LN8BEe3ONKJmWWKGs5ZrClf
Lo+Cu0I7lDsFzi6vZjpYnAm443II/E/VX/6IRz2Q91z0p1HtoZE26WJuECxSMnqd
EYhP9egavvKgnw4N6vmpNIWEwBOzQsjUYwArIDPV35tGZ9Y/YAYATQpiNLch4yc2
dh9IrkB2xTbz+MGOUGbwKc6wFw4sOiVLVVPQeiZsNAIev3xKscrBNuEzawIvRm9e
nSt52K/Aeg3D87RaPPsm6ZD3xVKC0QFbw2FKPnT/hpePWO9s3hgJEuUEHhFZbRJZ
tmt5i2wQDkuTNOrsCSnOjDdn6tS8sqYTVhhGSIycOeq9cbr6/TTBIiOD5OPp2/QU
35xZhPvECHiOHs2jxYlp2vtnlO/7cefRANShFDLq0/G0/yfBd0qkqMcLvW4wDSnS
KpKc9Em0otTAAUyVFLAv39eFFi9eoHjSx+KPr9DFL3ssdBIYfw/EDHVJd28co/Ol
6orr2odJvKK8pYdoYKbSIzYcmzYj2aFhrMcbliEYwboZynia68KIkKO0EzmCkTar
mxgZUGkyxc+luYoGDB72nj1UBATjzQWYQ23GEmE/W79xiFS5sgdfKCZC/ddP5aD0
EKUD7wxSqmfU2T3zvSB/gx5Azt2ew2m9xdENlTbk+TuEbjSuJ50duK7bZPaXoSQs
zgfXei4LGpl3IgHgk2ij1h6u7oHzn+6xQIZH1+5eFyQRyC8IIt08gakRCYNFIOV2
zQ1CTPnzZa9NdhSD4p+c0AlVCpzMnAZLx3r0SknDyvlWXvjwYVb54xP2ZD0G8923
0SNfnsVZYwUNSdge2+97e87qtT7Wz2bCsZxLpD8kvFFkbJvfUQC0PUHOWxJrGOYQ
mDWtpM/HZHS5NGdEbTpIfzyhyeLm6dZExkn65OhPvHvRg92oJWjyV14U9wC+H78d
w2t85SFuqZqkb4/KcD0Q1wRFvXW1xyn5COdHYC7RxzkGIzWeSk8J16f4chlIBKja
NFNYqHs6iJozzUIM+h18m/6t6SrT7NyDzB14rKgunVdG/ckMtHaDYK1ugpos4l24
1HOwhr1D9BtCun16Kc/aGwPkBV+NiMeoXbTyZn6TL0QKoPQtmz98WRLFV0B89kyO
j5+61L0W94ADbP/munTIPMu6pIyjCXc3FLmXErLMn5eaJtxMosJyw27MMXduDOtM
LDu4O07Ge8YyPQ9r1M4nPC+zcoR/A363Wwq3tvo38itsvAwtjnqLm5Fm2sb/xzRD
WdF9BKJWB4d67qSra7kCdKXw2AJFgEBVFM0uPDWFqtsZLi5bcp+1Nd0ejU5zxJDu
PU0AtzEwQl6I/dkh+oOVXRQtmwz9o9ytJZbTtbLogbZ3Qo83JQ0qWkUd2+Mq1IIn
5M5DSkm6QzwoHm1tivGH5kIQc8ZIEKj5hPq2baHhCJXVGpK7qdWhBNXhYITMySBr
kpuXwQH62KBhvOSAgvK1xKjT0PsljwxD102p72lXMGhsSct5SXkg0KCiGAQb0aym
I7WqLCkv85HXMpLOH1/ZIkfJxJB8AM5ieKpCYOB2MmkGxTcRLYr0aqucnYG3yZ2E
tahwLI3nxUrBdgRtcZSyMPFZJT+lzHTQEay7veoUixETxh3cTDQZh/82ldnsp1vr
hSXrWpvprOcExxxKs2+MXdUDCaPb4oNvAoFImXVNWc0cErrDH52O8mMgPSpVFVSe
fYx5ma/aQBWCUtATMMX7ggyBlHlS6EloUe2lpNb1AN/770XuNtsVArmt8ob3BvsE
eU/e8NsDTTE17CnSksqp1rXel3vLJaPT5YBgB2q/GytBLm8K0CqW1mxr/3M9FbAn
SBjlGHYL3GnScEwiVo3VFOM9T6kVcxLKXR1Z2tiuuzePHiMBaL2cZ1p2yJGKOEVl
zak1No4kKz46h3Hc5sq/T8T97Db+w4TtYdn8XmiNjf1Bk+dllGFAmL/CJVCZIMSR
F3QK8tUbG6O9i+234QVekHM9mSfonHHGka1Lc/DNyfE7qvg9cQ9bw9d7PvmZP38d
COmISwBqwsoTH5G52txcYo6PoMLm2jWag7vXsTfesmbw3ELIvSm/07WWEtw6XgVJ
LGH5ezvCf/LrqC6Zc6AOR6zuANuKJsXYnWXATbVpx5xU7RT+vv3FM1PgNTW0fnG6
zLr5VJApqRaVdIfhdLcZUlhpRjFk3MN468QnbuVDvF+kSdIKUN9fKHpUk9Z6oxBJ
XluTkpkxyyAXPNERrmc9/np7aX8mlAo8WlmuHuLqTPYH8HaNvZiaXU7N9z3B4eZJ
eHqPbkTDFCSPhA/gZIowksEc8WsBwpawnxO+kEeGqSmSmYYLCOAVQqiUnvZe9DZu
rHG6b72rScfRWPBj3ujhIycmFEqnKMxJj1kwuLTk/C8tCmPWTEjl7uaaJxEc1KTs
1LFRK3Sc9kloTC3aP2pCbAWuerNOljA6NBBahP8wXGouyjWn+AUjWXmfeNafSlPK
FOY8t7CTfDjBJlGObknIuNtlu4TbOuveMcuPFxMC+EhCIpHwwfgGwZmJ0++PhNSN
2MoLJmiETiKO7UZJlYIH8IVczoexW1Ua+dHicKWHrZSiM7c3wwWRwQrm8NjKTXbA
QZYR/S8/+T2iA95XJt5z24LEJvzJjCK4VM5N7VxLXmzi69CZcES/nAwov7ksMy9e
2Sjc66fTjQrbucR1Q/a5GwaMMPDWgoxDQGerd6B314cr/57TukkSQgs53lqeqtoN
tQPHG9SBGUIJ+rlJ8mp9Z08rb233LvQUodNyhz8GrQzpSgdBE1TwQgUTybFA/EuV
6MRnRdUWZqmzcSmsc4tT9/iutZGu0yoUQLZeSBWSL+YfSj7Jfhi0Lg5P15B6sTc9
dm8o6RXUmhM7SGzozwtKWsYG6GS96X00ZUug3HtePkxo5CW2705B8GLhOgWcFYr3
ehM9F2xjsVFaL3KWN2ZxP9yMClJiNXes6bHgOzxT2BgrwDu7yXUE8WzLZJ4i5TXj
VJk0uDUDyXYfd9ZD2kQ6cxqhmRDe6adPsQnR9ZAN8SheLY/sns5bD4ALu4PpvWki
OnbDteW1jms+Sdwp2xyT+y9s1n3foFq4p3m8f+KwtF3EPp2dbOfeCRVz/SZBsApZ
NKIsa2KSHaOn1qHuMDMvvcA1pYHOdgW4lUpEAS68CesG8Yntw1t57w+p8/7UL6EE
S2ZZ0vkUpazOaowBXTGfPKbaKfZf90StqGrEnlgUErvkRqVDOgYc1WrqBKKztiXF
Uu62rURpznGTn25SM+UelDFk1rQdF2iwVRcIjUZBXupDUKc3RIkKsSXpSeipa1J5
rVrRNhvz6kKETV3b7MZT4sxm5PRxDbP8AenoMq9V0gugWi8IwyVNBjU3z0zhqy2V
EVzCeEI7mk4W/h67wxKVwDHJH+xJIOWdkPYzVo7AJ0vw8OTYB4TKYSjm+W5NWEx7
EvLgZYi+Xwnu3vL1GUpL/OoprrIaGYPQBEKcWoA5K4X9Y7ZpVSjl/BgCngcOG0to
f9/5j8ISS6ALucKxcq06ta3rOQhJzosb6bKvY9ih9rRzDaO5+s4yYp/k+sLIBBAj
j9q2g/haaRpGqOAJ2gcrsSIiIf/MN/oM2GrZvUnPqT4LF6qT8r+hfklchBVqmPTY
FXNRsqGVUifstWdCSYJgB9BWzqD0P0WtLdBzzSjHal7YLtbe5Ir/YqCqVS6hWImg
RvFXvsRgaBl82ZgCo2YFwaXytk1gPGvgQpjByL/+u55CXQ7+i1vp8QOy+PB2YGCL
H9dz6LNaCDavpNGM5mdsNTay4uiZ75skN6Ws6Yi7MY44E72vsGv1Eq7UChmCJuOZ
UzctgZj+zVfEz38F5lACbn27nUOjTtbxdgO57xGqW14qGGCHzO1iDhob1HXGlPrj
rV2gsCMO1CnmL5/lq/nFD3jwaDMp2QZq+Uo/m2jlPhju7ReKGPmw5UVeHkrREPOG
DLJQe80oBlpmxnWgAE0ec8619LCgfqbIeX+SJEdJLftmByh+G7dp5ElkNOStTrXw
AJ8/sURZrorwA7869RdtK7OSHZMd9duaVHGN6hLoo/kfT1aYjnrpF5h7TF+ZxDF8
Ff1K828fdrnzmUZ3MVfy1b2aud0YNkkbuxfCJcMFYUUueTVlgQQbwXFV+2PjNXUP
KDQptMnPrnzO56dl0WHxXkXbtzdTkVlek8eSZw4cfURLk2U+mzJAvnvt/QXvR7Mm
gj79vQOOKvl4pmfRMe2gokhvL0WPTLb0bTFIGjrWyP+tNjnRx7u2B3NMjpKPA5P+
dkC/EAuh7ShK69HCwrvd8Bl3KRsSmvUh3N6OTkSE8GkRe7CadRzyjyMTlVuDC/cz
r/vdPG3+HlUgfD7PddMkSx4LprZcaF2PpE57HRZGFiKT+7xx+7AQA3VMMrUH09bg
JezMAx4hJWp/DL4dpj/wpUV1156O8+/p7MIwgUwVQbORBO3bKDOsoHVB7cGZlIke
N+ERmzk1A9c6q7TkG7UDL2kNiyE9q4rg0bxj3KBqGQiBm+IGX8CS2sYo06phQwpd
YsHa0k61FXKqtjm78LWKGsOeeBsPH2jr/YLD5xps6A3Pyuj91UbfUO0bLFiJkPDy
JCfpBqBiB5b5L9ddc2O/j20Sp7i3gOMRQ/IxVqiOF9EspJsQ6/c5UgargpRnMk5M
b2+7juLTFLKtOkMSPqrngiwnPBIR6/t2bdi02NdLQl4DiMTrc1WXTDoDFkRU8wOR
QGUcDPpd3qpWKgrjy12bJ088MkFijEP032wXZCVfwaCvsaJ8XZq+c2DvmagTJ+lr
mv+xdNeCEOO3tDP/ih3bX5mb+rgEudEEtqea7R6+reHKnK915e/dUoXnmEp98Joa
Zl2nN73FZdTjYL++76EWzQo7LUldZE3GqLtLRestKuzdr4HwxvnuPaLa/w+mWWRP
8BuXrYrB2OPxci9uBj9sWObcWbheFe2yqObNudLGpxhyTWQXrfQh1px6QLwjkFM3
9KEfkuY3Rdzg85WeRSp1coUm4YRv6hNBX1DXND6Ay0w7xkk80TIMo8DfZZa4qCBi
xsfzbwsUovbynqUwGmHBQRa43j4qHgjVjzdH4LT9GZlNNXN8kA6ENKGINCZffwJS
AL22jTo3m3XFq6HW7XJE9C9VKiMcQKxta/q8z/benYFiBwpnWupvMv8/FIDr/y6M
3+/yJdw6oqR5dEXpn2W6t3WdN89i7cTN7U0i/edycylvZIWKYSYC1ocV9siSNtT+
PcimPRpOJGvb2tQMI1o+EFQNln6u2t8FPsD8BI0WBh0EB3D2IlFn8Aebi918ZT2K
dC9Oa+9M/3YSOQ+Vd9rDKQM+8D1tMFQ1aAEqnerhBP1eQ/BW6IYhD3iYOunUkUHk
Q/2L0dJb8XwxzrdNnMSAYJESec5v1b1U9fslcktCZ5UNWtci8DLbLhA0T/3W+8cq
WRC8WEzuRlpyfQOtarEVS9r+EA1tLxrrswD1KTqqbtTfOOciYrRk/wnSzG2iQzBQ
JGG03N8Ch7/RBsFmyegeGKE5pLS3dXBqesiIrN7NplUQ7dlrKVpwvSnBfnY68T/N
hf25jm0Nx4JUuH+YwJnzSuNBTWCnMCJJ/pW5HOhOCq1pZ0JpOCFkcoHl53kp0IZo
c2F8g5Sgc1LyjLvrXWVa1qUgV+XZHtm4aRkOkG/S1ifuhlX9tOXa6mdrx2PfiPT5
Qysnsz4GDiT60ba0XOYdAYV0CZaLvseyyCcf9f9guhnF7fZb5eo71FKXT2eHkXw7
aOCB7k/ws8ueDOjDJxcWaVRRDpRkKdYCt5neYeCU53H62XqTOuGcOQ96YgJIZ+XP
uocwmLG3oxF8tzgVHTlXT8ujBKeZ3XXdGAt2LxkeR+BEucx+Iy9YdDPSg8kRCBPx
+TcqhRt5OLaUZX19zQ3kdQzqH6OLYHV3ZyLPGBiQNw1TiToVQher1BGu2klGEvPg
NjEF0xHnaUIr2ciBeUMjLFotL9a0kQKssokrlD7dXsI5U3WvtNWMhIKOo7Nm/Kqj
p/R9t6v5VwZomvPoJ3tmyGW3N7Cuw4ocVJ78kOX2dFmd3vHtghMFHRlZMsAMCxmx
cWaGXoIpMjuipp+CHcKbanJkdapu/+RXIsxnyK6clM2uW5Nn0VBqsln/swp2nI3C
VMSyzsbN++TpLuPWqk2u+nR50PqsPWi2XQkoXGn5+Rnsyg7S3GKoa8CIyOOQA+rG
gL+oNsX4HsY1Hc5mXoxmSvANiQdu7EpE98izxXB/qQ3yYdfIjSMTLb2EC9Mz/rEw
YNWkdjIlnPgw16Jja+ZGsySjUFI7wWE/zX1/MK8LIVh4oOYF+MPrzbLIsUM5T3Rd
gUQvojajFxvR5OO5vM/WD0b+zBu5nV6DzqX4bR1eMqh6fVq0OcFN9yjDtDZEEMNH
AVHikNQSxlOhiehSZTOQS2+AwspHud6F7RnfjesV8lcL+6XKh0eWlF19WFpPQyUN
j09IuZwtUaxWmEGe5X6R4yrzOp5wjAUoKchJTTpHp1gF29/qXsHJEjUu+JwK6pSq
kgIp/LoW5bx8/ah/bhVMj5jUcZ+VKmCBDX2Tz6Gtu0n6UC1ukhxldax+VkkgAyzw
5lx1bxZJsJDmvCHXP+/0cDWYf4DgFw7n3fUWy8cEfEfaARZIE6C+auo3OYd+aw2m
v1IzJiP78qRSbg7Piu+17FMhRv8CdsQpH5Juf5g3MYyecAol9PNvus5KrzHqACvH
3SBjB7gr0QFf+5xlzWUxqo7FXX4N/ZrQZH72+FhXVOAE29zEzQWLbrlrMkmXNNuA
kQQjO0t8nKKYUtJP1HIadR/+0nr3z7todQ3NtlJVSTGX4J8Wrj/YGtuXLFtWFaf9
KpZOfc1hkRm91kVZTzvwPwf4boVrNsdfrCgb0BfggboiV56UgbmH8i5qlcsNnk2z
ck5hWfEK3oRvKTKoKOI3XZEjWzU8sLxmeZrKzdd2K0FOeoqsiSNJSXYtJ0wznNZu
HlIgDEYfW3mfvJLvQMYQV1gK/AbZh9ee9L526SSoOU5bgpNedAhPcfdIq/OBU0U9
rrqzw3hW6sMf23D8JtU1TGQHCHm9zeZ6qqNM4iHesDoVI+rOcHuXFzFhXyTUGawA
+8BB+2iIs7hzDaHcLIDqqmTZqSTkCET/xef9ZOARBIqxsP82Z2UjYk99lq+q6Fec
WSf6HXecvEIk4iDxPpJfR7Mj6jdTkP5sIImC5EPmxwGtHohIh2vR8QlUsGBQPgCh
du5XJyGXdYTnp4980Pdw+3scP3HB80655pLMQZvAWMJ1gppmoZXSWfSmUOKd0znO
+/1MncYDFiHxb5Gc30+q7uy80DTEXeyPOo1Qtyi8Y18iDvvn40gP0xUqN863A8DL
VuGoZZRZOOS70zyb5RmIfNHwFoEEbc5Jv/DC6L0rl8GrO6Cjydp6UiDxSZpeGlX7
wodCyIfJ0MhTIxGHrbE5YLMd6uyvSduFtsHe5heCbyPEAh4CSinVW6KuY5CbtrCf
gfDxsgcWnfB9LVqJ3ztTK0bPPGT2oyas6gc15IBan6/Ox4Js2WRLXarzE9N0GD7z
A5VCu7EbhTh1ulq1UhYAB+AtyqnjkVQwrOkop6G/xmeL/O4bEHV2CVVArgUUs/Y6
w28Xn/uvfS3CF0gp55lbFdTnYQC4Gy/SkSOPBg3H7LbfrNQoRhhYOO5Xk3HA1iAr
sF7CSs5Jim0X19vMXzbJBTZSSwXG9ROwFQrR0zZDOu7OlUUnpTqz+8l/zYvaUIiY
XzhSWlW3UqlEa1s3puUwWrfYN8UdzxbDz4ohX0BjmX/0xDmnMFBVpXhsxnOAETpi
aZYWXndgWDnV9PO6j0Q7it/I0acH/z5eVh0Vk9bPstF9KZx7ca8kvrfU8ut5h/bR
ED2Y8Zr+wGdsOuC4jsytwdZBlDykRrMXw5tt1fU5MDjbwmeVBuYqf6Qwt7bM1NjJ
8sOgwar23HKrNmQ1Zbw0UOveGEAZhwa8o35qlFoc0SG/twy201hyJfyamueWiLKi
XbgZ9Oi32oygZycBde4OqbgbD/PfmDauq7RzhjSv0Wb/041RBWeg1+HGG97JPAo8
8x6L4wGS2NJtRrGMMcRfppXz3LoJ4GJKATvvRhyLOnYx4ZnAvjhXGktiE4S8L1nZ
WCnfJrhNZjV31K+h/xPJWCIwzdclPsW4ggE+opA0gcE15hzgafKWZdjSPksLoiKb
w7njI8LXP1CJvT5R2XIZ+siz3EVfCwpvatMe9GschwC9UAJ5D0ivVlcjAyf1ufh7
TOk8+1xE2h0pRlQfY+eCtkgekJXdWmtC1j8ripzGC9ksF0WS/1PvuW2xh6gkL6Ns
PZ4yTvdJl+tTBNku/r4OZ/I5imESmuE4ZcxQTOaQ0DoIOvilnqvvvuuZmxj9WPCf
rNziqMNKWjPRQ1OlzqDoyF53B9hRXdvd2oVUmWoqlGz6RjaKnim5IF1UPWBWsPjT
nh9WMMsTGi+/iciHesJ+4AO8Q9xwTejdVFKujAPFp9iYKY1rAH1PUAmxRUCNm+6e
arW1Ra1BpH7vyp8yttPDb2skJn8Y4J3yZoqIyMjen3EakpjV0UQlh20WVEj9+ciR
SaNuhJ5soi346x8KoX/bKic+SFx9KoUtSOi7apTkur7yBFzCNQei+NXl7xsx5GLt
GmBImsHGt0MLoyAZR+3PyKZPbwSmQ4Kw3MsnY2B4jEJjWU/IKi/kb9TydvSiK+2/
JhSrrhTHDwCGjfmse0LKqAGmniBTzNDtHDhSiALznwYwqX++VQNalqMQKRlfUgsK
GjOM/5kG9pNNNwNR5YkxJqXaquaVo85RFEViq544jw9uqLp5EfXL7ubNz2zlEsHU
9SpnXPt44k9184cgPUFdfZ5UUOMjn1CWvmdaQnnunY5h2FCtEnHIs+ynEdrY1OX8
N5s1fDSIKYV71tBGsKDEyMmiVRXyAoC3AvXrCJbCRESm171+IX3+m0FuexrkUWVW
2pvgxtv1KpdEJpORhF1JdAZSx46aaunDdh6Bs8TYsBzBscizWBozEaauh3kleT08
mFTIg78MFiiRlqRsugIhBXlRpz3H52BE4tjK/pc+7hyOE0c08LxA6cW9KAFzwfuv
ZgtuVCXe1Kx3Q6UMdDG5ulOH0ikQfRdc7eRSTZSND6dhLXI3iQ0cekvgJklLFytu
lFiJ85ocxMgJuV55qlxy5mxVbtePFOYPL4LWKEKdKdSnr0zIyC5BKBgYuA2K+J32
vYtZELBF8AIQAaagCqNKynvmnxqKaBCe0ucZ9fB+qw+M8Wdv4Q3gyVuX4iiqXVIb
HpJr53X83+L3JTJZHUDuu8R77SXB5ttMYCy76o61BMdDP6We1qVYHk1RL0QCdd5p
FoH28a/31lrzcFOH1emw9m9hKHWukxJlQ5fPggcuwhfuvnPTibs5Pl4fiktpHROz
M8NiUMbRwBrKFmJJOOhsf2njGl+Wu6IGHC87p+cZRf4u6Eqebs3dziP5qcvgsU3D
x0PfMicjLn5JBn9V7dWWD9opvHOx6w79FMabWGS6r+MCVnVG02gxDVcQ5kdOw/Ke
4vsdS9iWwUVuJs8hqiLRdVlbYb8froMf+3EEcQs4rqm/G/shOAV4D0wptGvHQ++9
Ux6ud9m6Kgh/uTrVepqn3b3mgK4BqhQjCK3q4g0M10AqJfVQIbm5q4YsoDOR861W
ATeTm3D/w85mKZpzEJPA+Ren3J1b/woqqwzoa8PBx5ulTiw6JegdjU8DzsAeewmR
IggNmxFZ477o6L4Rj3FD12TDCuXM8CQE6WD/EqwyVe6/Q9JX1rIrUbCEChxjcJEw
dLk/O9NZHgy4I8A9PuyEmi/z0gu6cGR4X52AK6E6ksAJghRJQYBE/UD0Zfxm9JXE
szCKD0BcDTFLB0S7lhalniHx7nbDw3JzsqtujO16WI8JkHFcNz4URPqu7ReagfyO
rQycY45EgQDv63PcVfY/hh7EK1LW/YYpVnYpuS43bMycureFGzaiobrUB0DjWaBb
FcbaHw2JhkfE1eB05kRS5zRgE5LFYhUbVaZIT8p2i7yVGVYtE4PzVnOY7k2m3TrP
O/DfhL8iwtqFAkQvRerzACbZtvmFyt/8hQaGqkFAOqmuUGCEEOyHK3AP2CIFwld3
yaOeA+EYtKvq4gaJ3no1yQaYKqQ/4uwnmVhOQ+5sWl2IUnBeRZfEIhBVbAersHo6
4I6FmCTephyqVHQDn+rkFq3GRRXNb79kgEkY+E+Gg1m6ZPNSKeML4+NXK8woKI1l
HJ9qhFss9UoNn8/nEtryiEtMyTXemEgl3dOIA6lQgxJZjWK1wgjLmNggdHGoobHj
qKmTPw4a+7E9fbg838vorifSSG4mVQDvZdhmO08RF/G5enaPW3fA1ZW2rk8PeoTd
GIDMM5D8NTQL5VgrHnjE9H8z2h/5S2xfZZdNNElv2MHp44U9BzCNWpBsftl9V8zG
z38OAhvCDa6JEr1vWuZREvKgKTYj6ecKWqO5vatZgwj7aTlKhIOJlRF6bNWv/NEf
mwp8G2RcraEcIDdLJlJZLnP6D9I+m2qxC8ujDh0Q+WedJ8USTANOgou50A9SlU+r
xsNJSCh0GJPxb45RJ+uT5NCq9YiYPUcESAj65P2ZI6B54OR+VaHPCnSFFiy/IuKI
cPEkv4DJlGTHSMG7t+GEzpUKR2342K7i2GFlAwQVGSdDjp41RaDHXtitd7W3rFyz
0VW7q+RrAhY3EWeU9HWtBoEmZH+zfqpXQ5ZFdxxNVMj10jZCGkEhZ7L0VIYNA2h2
HIMa7n2SxUsCUPiWGeAQC7sucBOy9ZT7+ON2V6RQoMu0xQGLvW5Lmgu1B7SmUTmt
ee5bq6U+mihvnx0wwZEtJ6+vGYpVtFHNS/3mrKOTWycYibekxC3IpwXrPnlOuV7Q
sKb63e+AbhK7oUhY4y0phh7mJR+hVzoJ1iCl/WxJYTv7LfzVKFJ5B+VLAcGQZ0wl
FHz/gZXjRZVR6KiCrfzmJi/o1KSahmXa0ZioBiP324Oiu7cm+1DUJJwycOhpnJmm
wyHJ1ziVG0JKMM2rYGpfY+KLlsWWGml7+U6lBTTGNEBo3tJEMMNfGWPb5ri92l6t
mrC8KMh2+4QQDW8Fl08Bwx6f9TQ/6m/5l0mYBj05TZzeeBa1+jnjrfs4orccDkyK
vSHRg78IOhSD14Z2ZxePUFlTXZuQnbVvex36/mawKf4xwhmqMaPnn94SeAM/o5QH
d1vKA6jTqqIJ5kD6QVu21g8DbchTRBeq2dlpn39ZDXnFqYBbCzbNDvvWfZ+vCOWB
Oad5KVWl3fOxmntKUSspX+VyIU+0ZZ+3TIMYCBH3WawDz5nveECBABHvStAfVpbz
/xQL1fAL0mli+uhxs8SDiaDi44r1VdLvyVkxMVSKtlpEQ00Ne1A7qgLR5UJdcre7
ojqPRln9gSH8xd55ZssJLKUIQwtisDQacCnhcd7A3SnX0I1X3iOKfM4L0qgiyqVa
KiE0YzAxhB/6zR7ggBveMIluiXwmtINJuvnAhfeGPUD5T672vHKO/MjQ1S7kNlEa
DsvwUSpp59/XPb67KQmXuHd6nNYHwO+slNUNqNcMUVgeTggVjAz14h+5QRLpJd3a
JE4GFMYeBUfF8mVVYBpP+BlYy0EpjE10Ln+JgGaYMNWmdIQKuEq79s1QCbDuVwRC
abCG7FemN3wx876zO0x6kjJrLxaZJvhLT4t9hyJ0b4rb7ApJhz/LOEqac6P83+fo
B9dTL2/Rqtu9xSkqAXN8gbeYId2kS1WlRFBsH1Jj+kSdxOL8Vd7aTOcH/fY6TA9J
G8gO/UaPS+zPzE/PWiS6K/qoU7Rzxi0LpbzxXxRlDt0TtbDJlaf1gCuL7oD/7in9
DmuosThdoxP179+5dNDp6FJWO1BtFrHdMPE7Hr9io6aELjjNpr5hsR5R4sSf3NE3
lAc84Z79ZiEOHJcvKzkpgTHEQZcJbNoIPhkWDhJu6Cvs/narJ5E6BhoWNKuK/vLe
z7SJwQxaBDISByIVTwbfmUtz0FxYxTv5BHN8adNReDT8hNucf9VEGVqzDx7CPnf4
A8S+EE25gL/wC4tWgv5T9bU+j3qR9e3BOAMc4xVn8s5WzsOmBJE3uLulsu+jm0Nj
KktmY3o4FOqhtqMi/xl4CvvCHHl++ujUrFgRO5eItl0tD+KA7d0bozATx3+ySMPm
OUeX2xjXVspAZJw0lD3y7oQlSNLw8mwV5gHgYF7H1PgIZANCUX/CVxXHowYFkBSp
wj2CV8/ivbQRBpmzS3T18CCn80h52QGmDRz9IEb9ZckINCEOH9p7+5tMS6y3R09K
UYiPLptllEMsHMrvXzc2FznGqtpfmOHUzX7C4fLz982J/c/+rtN39ai577QA9vk2
El9Z+l/hjn4hC27fA305+onp3T7qE1p2SJsmxDRDWO2ie1y8+ycQtf8x8l8H9PrQ
kkD6GtoWZQmU3B6jU2kq9qcOKvJCS5EpR6GngbhbbGkWDj1PePCkPwxCnr6Ulw2j
W4kEGHuyRYd4Le4VmZfMwOPMn5+QxxC3zooAvhR5wGU/oLFuh3DPB41GNu68CL/a
VXDKMPtob/uPKBWTRbw+WEP96D68jjN8J7XuDBzusdbeYdVMpCHhtW02ydneG6qq
jMc7Q6fcBpWjvqNL4p1GkModWp5tVX77uVGFuVNXjDme+Xmtid8rWFCZx4siQFu1
am4evn3osNjWzkC/sTNDFH115bKW8tWcaKMuXI9NyngBwlg8pSXWyI3vy3ubtE+K
GG5acMw9hJhWq0zvzpEgiIx95/0RWoTALXawvt282a2QPKg3HQKdxvU5Dx5VpfeV
gZ0yngqh64n6/jISgdJLsz7fdX/BwWM0Uh9B+bGgVsBcbtjtoYRLSRwNf31tbObh
rFpsUy7bTLZJnn4NUn3Fx7sUAgFvB1DZi0CUIH5fBitqGBqZCbAXFdNALszpMk+L
NltPqSN4pi2z/VIcOIOcoInOLJf8qA7pR64dwFUvrNcJ07EBLcsCd9EtNnFTkWwb
bN3vqGTakOto7jRacNtAS7Xaokawb6sjUUQmWros4/rX7r/M7dNRTBcWlgYA2uyQ
8zSuZuLTzylHfURMRKpZK+lTiwBfoiYwo9Z7gvBy61WjFSr56uGNsEef8s3oJaNv
PZDfkfzYkOxnijy6Drm08IzZUOvBMQvacelrtQsF3giaRd6HoEALqW1IqTLQT7GX
0pzff/Xp3GMVukuXN2JQ0iO4Q4uANFdEBm+M3jOmS32lrdCL9RiEFgMybH4Zyit7
DnN3gJkGR/QOWa8gb51V45lbbxBVHCr+yfi3sxz+CQ8wFro3mz+u59qBa+M6HgZU
9ImItvD7TpklNhtUJc4RsCOPP/5wSJtAFDAIfju5fSj2bv52GRB2V1JzLKMRjz+d
hmOn76oj0Qx3hGwFm9VV/UNwr9FOejXVWkyC8T8lIdXZPyJFhIo/AD/rebYYSj7H
Uhv7vhfDLYZIf2vfIYyXum8sR0hNHzXLO9JgOxBbByg2OADTlU21qubEFtCpzlVz
ylC2aEqg83Y2CxLL60NWHYZURevhIws4vKjiUW9jMtMYgPORmvV2abve2jTf2BhG
t/3VKEKnhrIvUn9pAPYugNZnGI1bV2r3Hwb0MhjBJYfAZn+l0Zdx1IdnwBIGgErF
8+FVzWniLCJ/GkYYAcsxQLPJqkkqcQImOf3b/9kb5fF/FB4L3pVZzhBY4FsWNnrJ
u6ScPySJsAGxenuPJoCIkQLAnyge8bca+xs00NJAAuEE0GTdtVm9DbBSuKzM0VEw
X6GZNFMIBNEGktavsXNKvtsKmBp5PX3SF3L9zh+UP7kRTsoOhkSQf3DTwufQ5mto
wki4SYY8I/RLF4dabpq8yALFG6ZHFb5Q94BdqcMJgYfOk9rs4vp4nZHdAQtVpK+N
xBBcDGWHl+ixeNfH0KZmKy0OgCw59JMd8iUWWB0x/96yme50FZdycMxIRjsYHQk/
AMED/w+GfAfGnzdCbye8Fsnf/KIJ0lUhP890m0RikTetfRGvJXe17+8XP1UjieSq
lAoSm3JcgArDxuSPV8cDWQahXJ9wSzu/UT36jGeSnq3azHBSEc9aTZCtGpVqFaXz
/TEQP0xqPd9nlXX2qQxc6uMZxURYksY0fwdJb3WSvUBlaPuXDOoLvj51r5nvyJ46
NZ2NPDiUrHMnLkbM7fgJaYspNeKuRW2z1NHdWlXFsv3XgKbwrvigNgmS89j9zvap
mb+kLCQzmC+D/2am/LkgO3SSjRGldhrQzXLQwviu7wU6YQEV2B6ohtaGH+rzma1q
Rci5/lDWHX74DCi+KKnxU1V4lz+T/YxSpJwJT8hN2frRhXdxVmOKbptFbVe/zODY
qzCMlK4ffN61o4m+7ekM2OCuW8s3Nh25VV0z4na6DAF1gI3FEPo5wMbP/HY1WTZe
eiTuzPYRl5mKkILRWUL5VxWCZtljPKiO9BfCC/jsxHaip5MfcI4yndsO532GHQs4
id/G4lDG2oduXs8sXthnRXKs4PbuyVj1wyyE2xYmWv0a6uKmlNxIWLjDIhNXCH5B
4thJVgXjAwvifsZEdiq5QLzxzghZftZ7J09sp1B0hxB4ENO2W9D0DsmrOE242cV0
Q9UFqS46mJhXXOZAs+dkezmLpePp9RBxRjrHQXvcis9CEkHQaeIpPQ5fTfhXWgV5
PvFGAyFB6RrKOlpfJmnv2KzeZu5PnJAPMIQcSuBDBlW0iBJMOemxwnvTTZRPVc+o
0HLPep6r5zHbFNneLiElw2Jlp0161aFrCvJ0gkktC71Kf3uaktx9J8QDcfV8wUl8
NsN/bMA8/cJGDljETJkvqhYPtWmoZTunbqPAOuDkUqaCLDR2sbospT34s+EBD+9o
Vq9+mkaB+FY2k+DwCLfIDSomtXS6RifbQhvRWfxLmDPRWDCeRzbbachB/nSrDbYG
t9MoPmp6Y7h5UTHdVpZg6VfWLPdKaRE87+3G/IrFvDwMAzX0tyMF6KcUjCCjk7DK
uWkCgLjkPWjqn4cUkB1xJUl3kCeplC0npSgXe/F2kTkFom4ZPVl7SJmbFjcEShmC
LiYluv60rJL2112PfFAICvItDnc7wJEg0QSgpBwMmPhOOaqxBvY4ounBFOqCMCqG
+6uztDRhRBZaVqpX4eCvMQhf6xtJr+pgGLBC9MiA5F8PnIS2TfD/yQvEQPFy8EEa
tvQgX5Jh5BmbYAebudZnMi2ogP+H9TglzlaUAWSITDkdRfF2mkhHjNvX6Nnx3H+2
cXAB4nzvAVGlI+FWXvWvzy8/pJc05Rbx83fa5I+plTV4G2KcyY1I8S7B5aXPXJiD
op6C3fuwwf7tj7IUYPtIXV9h+RMzXZ5d1do5NObviiYxMiDzx2k04ecWVN1Lf3WC
qjHHfoUBbGtczhtbC2YCXeeIwWdZGr59iZkbAfpiAZWJHV+ph0dZoCSo6IR0A2M4
MXH5FIPm2Ih/f8CM0o0Yse9qSGemq6seftOJxClGZPZUdfi+mzT8Dc0iGZ81m5eW
X19JPq44k4tu3kWdeOkgGankjLVGfN7ad8SsoLC6VTUpGFsn3LqyCpQrkY/ugyIQ
2SKkUqum7m2kNPJh3u2ZN0OtjxOhH8f3AA+qIZjyXvKZKkLZT5unPqVIap9K3Tpj
7+9PLoyv7oc8T2VYOwXblgZWWIfxwhKnuhhE0UfYyKXBi4T2FFHDZ32bgQSiMUsB
HyhCMHFU8nXwGalPQLIn/5YyofwfedmIWBt471si6yUiRizYEqCu8pAYcaEfFMwp
8ZCmclL3qHYYDRgshyok0nDJ9iX7knDDIfsUHdWpznKnj/cfswN7kKcSs5LfpvC+
Kd9oZImGaMoihOA7oGpEpO6ukNshyZ50rNV9lSzsP8P02i7yN5ChK9SCqs5rI2Vv
2E5ZHv4/26GBZJvo3entSwfsd8taJx9rCJ+VleVy++nXNh4Z1Zl60ZY2pVqvzdW8
x6TkjUGhJlc1vxohXpCVW0TwRKrit41En0v6zqqmk6RsZ4HrDY0qizV5PfVXLNux
tLSW5mj+hVW6KAJtPdUVX5ftOpqZvmroTUVuU4Ghe6iEC2r+M/j93KXCxZ05vu6W
2nF1sYCxLGAhy61e61ZxK9sJ3eTLTgRPsy0LardUa56YC3b6F9XXrNb6RRj5byUc
o3bfDDdKrsiQCaAgz5WaVl7i8gcz5u7vleB8x7zpBbXK6PMRkKzPJZaPbcWAF+KG
X0eFzUuC1p0t0iV3aXqaiPMX+Ug2uJdJEuT8cX6QCjxy288NdwAeaOTbkjZmZH7n
cwMq3HphEnSJ/YMUwRSJ0n2QvTJgRxM46nnGlXo4hkxEoujnpW++/xVOGb3Sj63s
7Ek2xCeyuMqwJXm7r3qYobur896QRpkVYcUw4QVjUMQAy8CdcsoQ2mOlV6loJMAM
8kkVXsqIFRiyI9/m6Ot6BR5idWnwLTM6HSSgOlqmJiOsvPRcKurJ1qm0iKQ+Wof7
IX+bSnR/vgqZVIR8yQLEJHA6poEhCPQKH6sL1F2a8rgM5VGoO+flkJEkauMH7RZS
BD1ECVM4iOUzFW/2MLO8RvTJ3NZO5Vl5HE+Edhph8Uxe/solyGXIXlXerBNO1oVP
ybTtLsUb2bngGcF1/5IlDzmuix+pUWVf4Ykz7wMZ8xZIzRAf2vkE4uC+EpOeJbpt
zkGH08jX5gOEJ8hCy1B+siFy4HjdXYi1InsoWSlcuyV6t34zyD5aCHxj0PP0JZDe
pVf2AmZGVIe/X6triGMmPSNW91WEjHeF9tOezsgEhB7oL+ZoihoA564a3G6aepW9
+ltOM1i9aBQPcdb6f9KaHUFuu2IvyPjjscHlgtCH0mcXzKFPLPa/ctW8Twl+4eQ/
anppaX2LsbT+uveDSaHALtInpye8vVTaKi2YaIVdflXsMiE10RRrE5JgmsIR+y6g
FpIPJZX8uHLh8qyXX7vXXRO9de/L5JcykVwbcnEs8cBUFDC8HgG2LR3xFer7FqzR
9ipNNnjAH91XCUFLTI5vsS0ZD9fqhFEU9B6EvWFQk+G6SdejwsiHiye8A3LKJTgb
oJ2LomVhkWgAl67YsC7j7ZIu9N+Vk2YJ9cGo7jisRR85ab9Gjfm9Q3o9L8Ao9gzE
ZiOD+EZ2OSeOxajh7dTT4U4RFEzO04x/Akb8aSc8L9c+BULb/vJLxexzKnZtiRwP
2HAJKja5Nl2a1IN+s7RrNJmHZYsNaTea2RCdNH2euHkK5BgbLp+tXtfEd1Tavh3v
U9d3iIDcgokEBnCYlg7UAjqDb268cRpaa3jHwJOb5ULsJ0+N6Cn2Zp357+oqIyLs
VikWVqIdJLR9S3Mv8l2d6F5rpzEXKnaZM+mzvG6l3velYkt4Y2uRYKH8TIBtfGMO
4p7iGmb1taqMmO/jqLoaTRaha+KrcXR2zZ/8jsnGWJwad8YSab9sbkLQQO4cTsyS
jHaZ9uVmODGlHYp1rsha/fuL35BAXlNDkSDI+wEEZcVB/clIKSNADD7PmGCXcT+h
rk/bIpV5dg5puPKL4yFEWXOxKDi13BLcbdVjcBBBgS6wL9QSPeMr5PSEFMJeTEXk
99rBaPDi3u8DC6N7Iy17yE0fMzWJ8bAQ/mEjcOT7x2yIBrCBhcv6/HSnOzivnF96
z0qqXWC6fVf1BKtDrDL4t/73Yg8sbHoD28vHucyr7317lexwNrvCGVvnNbU42QU7
9mKvrxMTbLanR57U+AYcK+EV1SbSII6K6+Smfuuq2s6WtwykIdtkULDATbUGLNVT
6ILEyyhf/HTapFth8kUhqShXUj+VV0oZ174AiiK3fKhcpZAjKtz4WyCJypF9GXD6
FxrMFGZUxSI8soBhTye3kZLyP3a8rHUUmsa2akxomHsrq+DIeIAD6oG81ij/vNrp
eaj+N+xkVFcFYcSOhQgMpIt46YhEJY5kfz4ZO1aai4jgQG4kIdPi2YrPA/HtgnzF
b+pu5d2VIDurGFjmjTV0Siu3WWUQeFM+SDBKz9UXmX5cEdH97hUj+IvdRDJVahfI
iJBzx7rb1ayyBv05M8x/ey/V5RrU5dVC85qk0H6LFpnrUZ/tYSEDtpxz7xM4PMCA
1IAOnhpwqw/qikjci7xBGKhSA6OOMRWXO6dQrjAStiRchQr0bEIfrwUmO+OBOVZj
B2iV0u8F8G2/PgrcJaQw94WNwB1x7LcsIaAjKmlNUcK9RL7KVZgh7d+8GlNaSq5Z
pZje/crLjaVTVcXb9z+29jakniejhjamVeTyb94OlYA6OI0lZPreFiEAGbiqTL7R
oF8AWYs944lHMKUcJcjhjUfAGTb4ASkxkwTctNgXibRFRdjnxj1SV0uMlichxnmY
Q5wK+OiNmABnzvD388DL1qGuUEta79Ef2//fPLsFaV4qZeDlhIfpAWrJWpmjI0rP
AoBx7hxpZVLup/7boHaCFxqyHrK9e/AFtoDtdvALLlk89UTgKZq1oyxVLek+e4PJ
ODlHw4gsx5AmNJ91lDCGAghmr1I6vBX0dsprbxulDvmv/jJGQDjAFY6fA5TSUBvb
PRboX8mREqmNWVUfKJZXjrDxlwzS17zjLA7sBqEQxOP5GEsf+Khpi4tBVu32Y+yr
mHKg35gLJZL2hb1RQBDz425yKUdchqMJYIvSDChVcp+Gzx5CE++Yvv7mvQwKK6kn
5H/0D+nNw+dsM9ptaWSdLe/170JTp46BfMrMgHEFbO8lRuIKVrv2VllEUNKTXNyS
k0P7HwbxXVHsrKxixWJRQBD1K8fBIf/qlPeusC4jsOrOtG3kdVqmXh9K19inw9tj
fAAyyZCEASPeM9QmJyhS22ywWi1TUY4VC+08XuGvgZRAJcfqm5K3ZONfKmVd6SX/
+jldf4cxEDyJv2WcXECjMQfPunyVStLfs4ek1jdVIbb3GFraoSsx9z8WIdERhoUc
Y2AQGc2nIYhPJ74s0GPBx8bMjzSyg4YlMFfzY7QRp0bBvWg4aUGzqEEy7X5fdzxZ
VPyP7GfeCtdOH0XO36h3kx8dd3NUCRYys9FAZvA2stqniiKvg6fEKqLnlfKfGG+4
HuzRfVUQ0gj9vzJloD1jJEYcS7kQR5/Omi3X1NZO790EXgJy6amfhvhB6xAm/nLv
VA/zIFd75NhU+x6lKb2AqrwRlCsLoD5WVEN5XLh6lkqXHkA/SKeNJuZZ3KE7xm93
S2kCXYATArvcoegH9FZEoktD15nAAZGvpzAWsLj5FozpqJm1qi6PUCEL+eszGMJz
GHRw686QP048uRPfEmq1Ql/I+NuObAyRSBDs750uJRAa1dcLwDTtxlfMFnn33CKr
rxJagqxDKesjikdyIN0E9TryxCBqFcr5Iu7jNz5qPPYNyIl6hDq1CE1F3f7IWC8i
bbdOD5UdfV/rTBmC9JYb+/hODD00dZvSp4JLWDHGx5IBxHoDHByVtB3hUHx6M0Qh
CJuYqGcxzFTmOuM0ja84Dqe5k++9IpND1YXYtpmS1OTLQyVH58zelpVLOBuiZki5
Z601jD38L2C0sH//bs1hOGT5WvF/lZ8ISRS5gAEpcOudVXz6DgcFdCB6cnmzxhkt
yjzV/slirIEuEkv3XplXJTsVcgPhTx9gN1GKKzfOHE55Qw4mpaflKW3zRD5SqUM9
eEqLtWxJuxe19Repp4Txt4nYX52mNyf2/z09NqTJJrPNpPFlEhuZYISSSUSTE2Pt
k+Loh/S+4ilEKwXAzm7DaR97TneOCnhHI5hOUzsOPE7GVqiE1wawWZJlGiEnLulo
0CoG2MIAxipdz3xs1DIhrgFS+LbrhjSfFnuVSgL0pVcL8ffphRW9b/gtHp3zlLbG
ntQndzXFjnwU6RujHhhWPwhN9aMKzNouAyfVt+miGpzZa1AyyL+HG2eLKT9fTXi0
ftH0YLyTnUtNwFFzencpW+4rcff767mbhMyxvZGxivXHyUEtg5u1YycUdfBDGdQx
0v7E2XyM+9rHqMX5zKhHerDzo0jQ+RZEYggIint87DpHy8X29zP9gD6fRCAtkW6r
BEyFhReJm90p6ubKwGqM4O2xIDj5LLJgH79YwdWTwhnnkoe093oG61FZ+KKGaKUH
jhV/BaOzXDMxIaGnIUv9ZRnikxPWKaLpTkfrk00T5XmsfBRWnJ/IfHQqfZYNsLnJ
lnl4cfFMfJhrIapnFn1Mg7oLw4WwxFch5c2mAiNzNNbA9WSy0nweq++U5F4Z9Kp9
/wT/WvKrL9H8cPN6N5gC19as2AHZXjDtKkhcoULj6gCRx2n0NaVRH6kZK5NpKeel
MFwnUVdj2lp/rW0Y0l/so9orW9WjoyR8oMNJW8Ar7Aamwyk/OMln2to/lxUcYswX
sCxagwbky9DVlZrbx9KuTo9aQO1NyvUofwEE/29WmJ0IUfDtR+ky7Ji/YpHYTPRo
ToMYq5Wkva1I2A5/KGkQ+C0F05OR0MBsD83iXGuLPWs3rMXZ5GhXu/2DRdAY5vEP
n0KlJzkugMaip2oawsVN+jUpEqPnO5ed1Zq+I+JCy6o7MyShdVqDGw0QM3oDfv8F
LJxPht+5RJChATnTyT+lluLpn4Mg8rY0U8wdFm0MP7klxN3zqWKXYMj4VritA1fx
IBhufJxLokkRUE8EAfW5XyaxqfR2b0BHnXSROgeIGFvoXrlXS/J/JEEFzJ6AOTAe
DUZ33uL1t0JYVLcRWfW9HdtkwjPKXJ8EiGuuiKeNEjY/L54WMJHjKyo+vYPiVNVL
NQEODwbQq9XeS0XEDPXXaf5BFki5yzAh4HZ03cYCNVi5+va32bEfqRDM0DionmAo
zDE2ihD80Hz0KwcGJBed2OsId7tHhs2H2OEV/EtKGQMQ8q+w+WhwArDdqLlwa0NJ
v0GpDgHvjMPWGjj5Z/PUD2V7Y4EKoFlVNXVY5WA0RN+u+F4/7+7pRHWcPwFbCukX
G+dTwFcCfDPN5os/43/90ysxKBZIUlJgIXdigJNSfhahbCN2n+4NuxD5RwTsqlHL
s5cg54iQLDMZO5IacZcEEzxXuo+L7YSkhtqxHiVADupQRXenqg8zThb6FLb0qJTg
RR82y1oYQEUAXZpZfN2N7U7Pj4eCOT1B1rUNEKHyQhwN3UqX3OzClX5JwJ7g8zQu
EE2WG/UlufQ79d7tawgNVEhFYGRdNj9t4YkcS8M9dn27zU+tPwUwIrb277NC5X6k
vhwlVVSfMvPxOZX1Wfw+VNq9wWgjS8DIbba/QoQuT+8qCu7JyuGm0PonAbk+ZBHt
MZ+TemVeZwLE7f7b9ngPXXWsB0EHaq0QkI+gUGKuT1aKOvkfk78q9yXAupeRYya6
fvGt90lttGjNPkQ2QYfHP9lSzxFLkuRTob+9lBe6mml/lhbmI4Jq0hCHiFIJi9TD
00sqU4QTxX6MsTkbrbuDrVoZB7QSyAep6+jF1TULH8cbWavVJeMeInlqJ1o/RdOa
h9V4vE4UJRrtsRuh3CHbrwrZqU+AqL4bBujmoJMlmdzrLYhKYpDZEDu4bmBfouCQ
o4bfXVmEsQcLMFum/xC41D5J2SCbMjzPxBRlfY1ac7A6UDyYBDa+B7JaJq1bIZLj
aIklCbIWP4HmuARlX+S/EwEKeZYGcO0P56qUUm6tcspwseYJZlLyjKjIgVKpYWZC
eTrbHBbpWD2obUN5U28lxtQCYOs54s50T5IbORl4RckKQygsuxbVKM/wSuxrmk6M
k5YxhGN44C9JFgXj0/3rMeIQJL/jNkwtBWm6rdXQKIx84KUxupofETZ+URPOEwr2
V3ZFV40VvLrK0jGV8qwBSWOVfY3j2AlZere6lO1aVemgukNaeoTFtL0Zsm5l9i6f
IQUjRmiandxpB6pBJGQFBH805uyTz/Oobk9miVcIgK2/BE4t1a1XarGSmLBXKonj
bq2iziqem+OJiFxUS6c6/IYZSzzsJ4GwmC6PT8F0Ct7rrW65R0oWSYNlShJNSPaR
zqGcUF3WpgcelBYpS0nmumRORhLUw5a5/gU4zxCGJmVQqch8t8jd5otHTugkZc+g
eQwC7eJC6DEv2I07ZMGEXgI6tuwqgbqDbCzKwK7KrVx+OP8jK/jwy2+kOj1mtyYK
q0RYiKzRSUTSZnOmWvnWLHF0Lmbtb3c6js6sw1MS0YpjQjitBQHUcqLWRVQgnba0
OVKHXr6Fg243iHwaJoBba2Oekp1isdVLkPQKk4GMlKlN5usA3pmmmt7WNb0idn1l
Hsh7gOHRCfGuzv781N5BawmGMfoHrcvSmTz1VuBhqGrYNYGT/WoLezw/iD9zM+ub
sT4zvWWeC/Y3aj+N/mm4FNJ2Fv0GqB2ZRboerdAWeLmr8poiuYfAywzqJZ1i6+3c
NiGqOVYa/PZ/aItU+sbRtaYaZ7Foliuk/C4Dg35QlBxxTmTWwpb/+28vVWncP8S9
GN0coMy7LPOIErzUzgiuH1/1y578uW6Jz+0qogvVj1A8f9uQ8B8U2+Mksi6UZJMP
B8tBluk/+pbVxw+unAMy56S2F+5/ElLc6sz+2vruWM7NpJ1ZSiIw+KEh4PpYaJpm
1oNS2Rxkw6fGEOdqiRPklZTfPpUZNFG2pEGp8z4FeH8KFCN2EjaE0Gamx8/Z/o6Q
AdLksrmr1kiMTUT/BiUqek0FidBfzXkAQ5+za7/jaaZQbipniMwFShA0GyFpfaOh
zHZgkfRzJhTM42hNlWwa2a74yG8ILqsF1wnPkxuc09NP5SKa8kXloaPgApOiX4Ae
bltgT3zmGFQrUGpUkJZaanasziNw7S3HwhAeqasKoxmjjjvJ9i2DPfrgxZTkmilL
kC55PnTGJa+AiTGVNpJqcho6qRSfmus0ChWJ+EmBnLLqR0blxxepfXiRr3loQvE3
0g4sPUwfN1fG1gv4U80M9GsfbY3bd71RLVo2G247SDEdLTxJ3c2E4pRnW1kQlrIn
FOJtiPosfT0iMiwKC0/lihOJ91dhJ41hc3PORyJQ25N/3MvkfPo6tF0QY21/Sms3
5At5G41xsh/Nl4DnkO32hb6LtEu4+650qn2JmvUgMJc9U4vm7eaL3UUQ9YQArd5z
EZ8rUS0Mp8q//euHj6jd2RWxr3SFOvbTaTLDzxvZfMQUN/BH6KhI+Aec2S7bRlFc
NY1OwNh1/Hy/+gOpkNvfpQrg3VdISXMCe2Oe5jvczaQ6u2eJtuG0vNS8+wU4tdja
CqrtMY5p90J5RsT8g0KZ4yOOjbjhA1WwVrpZyCMlTlMLiGwmCiGC7Bk37FPZFguR
yni8w6ghvZpzKRASkm/NiD+3rQGPdK4YTnIjRlefiKthz+wBEUaygs4QcmtyzaxJ
xFb2mQYZvhXd9OUxxBO1wxHpRvvkHE0Gp4NW2hKEww3ivtAtg0L1BTEAWSX0MuF+
WD04ccXlb3N3kebhayZvkpcgsadL87+4VroIhED2iALp9ZoipihhWeVrvyF/XAjw
Krqgf3ejD/vHyEkz+8KVO/ta2/Vsw/Ih1VtW0SFJfuwu+De8V6OJrUEfo8NVbA11
l1/X77SROXKgGtn4ieasyFFBvNUbvvYkVM9szlAGK2B6UjPagFWwcVl0BBw/tNjj
yVvOOOfbbGCYd1BOKfPe+vVeJPkUj+nszJOX6hFFJmIBZVI9T6GuaIj4zMiZbuAZ
H6hFf+hyWpLzNoGyytLC60Es2JOFOyDNSH95vThVX+vLszSwbWlrD5hMTMaUC2kI
HCZJKFZ0iJyVBfVQmjuIuOyXmda5pzj5e7Myp/Tgce6nI7BLvYCOdenA8qcSfInf
b5P78vXRIS0L2lMb56S0JmOBD/lkHQP9pF5nQQr6XXatR9SScF1JU9a1yMOVroPG
xo6ppfgbeBGb3gRdGS//XMJsUWLAHPjYiBSRWfv4TlTWOnggvjhyUmIlrXilsLCu
PMGS0+2D1jI3UzgFq49mowweDyhZsRp+Yj0285mUHqiRIWco38dBe7U0n6uTooj0
rqVYfLNsyEntOEukiVWoJ4VVfFSs3ShfsN0h6k1QYre8G7ZjKWlShT0dfoHq5V7s
Cl80jz1gMhCwi3saVOPtshUnNsgy4zINRdDzwC9jum8U0f60/URmJZC7jLDE01sc
AjoEvDYghwAy3SNdHV6eFqaIJY4eeR7vi/H/yhKPC7+37DacER6xOIHVObG3Vp2V
DhnHL2Dll7J8kRbl0BBsCT3VMtGXyHznifBBvvsKNxD6ajsOcCKVX4ZHzxwp9c51
v/ax3V532bQh+xkl7I7qXknxSTfrQSmJQ+/bJvrXRcT3omjHeXFaUMrhZXE6Ajl0
mfzw9qmj7zq66IbShrCwPrVMVOlUhhUHPk1C7jQ9qS+UNQ7FqqwTjPJ+YaeGgOFf
IVna5d9vBkz7EUwoKPiGenWA7VA/5l1Dp2g0NHfov38lwt4og3RxvsD5PNj+/J7G
D/h+x9g3Jqp7IUVO1RBlV6fcCpJJLXmWaC4na5p+3s6UvqP4ye64N0hmE8vU+nlZ
H4GTdyrAyG+E7QYxyN1nttdtLcY3XMlk8uazz67pWeaCRO7BskRXEHVLKVyF4G70
4tnqa1Kj8abTOvgDhygAGqGZfEBz8LdSDyu0j0lUq5YfFAQmAhgPuy/cGDZ9HIdZ
x3KH146vRJYflrhKePPn185OMpXNONblw1hYNCkmutJsCVg1y3eswegOaOCfC8xd
IDhYTom2wejlJeEBLdGR4OxD464ksOon7gLw03ocMwothRhFSXce66IXQSSebo2y
NZBN9Q1U/Fzosp1mdsnb3HSCmp13w0Sc6DCQsa3xH2elI10I8AunbKKdCix/63fS
+V/vgCb0pped1QRwQZ7H5NVHX18aSIuforkguB7vaG8mS3B74wwlieFjVZUeIOPj
ytQY7IKw8snN4xbWNodT6CQ/s/SEJ19aVyormyFRnmmPVV8g5dMoqEoKZNjNGmF4
F6nouw8fyzfyeYowe8qs5B896F1koeo3ZPZOMMYT+iZx9Mxg3xfEhS7HQSxzxCwV
8nNVmQUzYYJHmzBpWOiU+bYBvMR4eVva7uxiY5SOg1eI9t3pVeVWFk8s/d7OQ/r0
xX8+z9LlCHXhNUw/QuG32D2rtReyVVzEa0DF26HPGMiyeHrgHL64dUphr6cmyscL
qaxvat/xo6H6RkK7BUYp7DKckce0+QNS1RundDUP8uY8tBBTa1p3ssEU2JW5dcjk
WVzt5RdI6lAU8uhagsAuaYe5+uQW3Qmj+OLGMPmv8j2atIGjKt6T1Ay5bohsAW+i
ChMy8hCf9O0IB9I63FUuHH4uhJzUSR9KCIaIetoYvQ8b5YcYU+FLuiaSt8lB+g3f
ZzLtf7fLJRFwUkHl+1DPJ59WCY4gmUqN3uIFnDlf1FNeePuat7OHy4t4d4U0U0lS
NfddcL5aZiBEn7pNg1aymrycHoVMllOy0Y5M73kbCu71aIB4Nj0NycxrR/Ph4zQ8
9r4Nfwrtl8ZcKiAlU3d9NMqWG0yJQ7P9viJC5G/aTbJmH1gDX3ZkS8Co2ChnWlnn
Z7BLgaiCIji2c1R926OKWvVXgvEkhAtCaWq/2EmIpmShUkDq+a/5lNRIXfx1cbJL
p1D17otK+8KcpHmnNnOeAhW2rCZU6fPvymLeHhSuSGB0ag/qgCnk6yYIePFKkmqB
PTfEwu+8F9w1HeZV9WoUMUNImrLNO082WDI/64D329tW8j/hoLz0W2WVDNN1Mgnz
Ip0js8XU0XhmDFhJEbj5/zPqT8Y+3jxKDey8VeMohYcxdfw78yz+3oPdVOs1qpQH
T8rn+zw08yUVil6RChnxxZ5mJ/5Jg1jbl1tPE6EEdZmG1K6ixHkXU7FUyUufP4iQ
0EVh3LU2lA6irn+PE+xCiJ/0nL9F5Q/Ubv5f9HbcttWrBpTjSaUSKOhybiqL5PUl
UTVzw79wvkWFgh7ucb6NiHU8fC8rPod+hlCTEiUO7PAEkyTqxkIHa1k4m1dnpVZR
ZX/QV1DUHEl5lUJYG7MSG1ATYJ+PulreU3CMkgaVBlrui+ySFRk1pENQ+Yfzr/vW
rrYaUv0poVzfHnNMIzLO0rMlmLLzRGYpYFzbukOaq0rTyNCd92kZWA9DLH5P5ofr
cwxvx0KLNwwasrpfCeP+k/jH8g3Xceyjh/SjdznxqH9G1G1Jk3wttO8Cz07tmRPY
AgnA4rowodDekTitXLnHFbPC+HbPvDF2q6z6VKoKtRR6X6LaVjmPk8zhcb+4zs7u
wv9/HuOnU1ATLoW3+3CbB1MZsKzwIBa3eP98uFmLug0FuRpFL3c/XjrLtjbtcjOL
N+WjkOUKf539YUzwXaXWfrd3PldU7c8L/BjwUdeuaBMAPifJk9uSA2oumKNI/j5e
IxFRdPA4GaftMuRIolql61TwwlPveeXz7Q8eD2VDRPPlfdlvC1LHNljQh1TTGSjG
fRoLT+b5gZuFcFLzzR3t55Mq+P0PgVwIxmLaLbw4M8MG/lpt+ZIgqoiVwOIpRNm+
FPhHR2C7JtYENceene7C0TbEHS1YUX5aB10TDvAiweqSZtzXd5tsVeiH3/Y4qny9
vxqa2jNdJZKpVseEElrx7cip6b8sx7Mvic7gNZIMHpp5UUuexvLt4PdjVuGJHnOk
oPwG4F1+UrWSvVDqDOemPMeNAhcEaLlAycsL9Gfq6UF01c6advHf2YronX/+u45L
OrHSqKeAwW7nmYl0l6a9uN8n6IRAW4rRqcQ0VpEZUod8RattwTVuBjgV3h2e8sTG
ZWaMYcmq9r9qvPLSgoWxp1CNeukySQmoOBy/HOuCb6LQ0b3vK+UrqDgEROO8eig+
euW7VEgPKCQzDuFVcOaB+7mDna7ig51cD3kbVMrwJCEdAqwk7s+fcg6Vz+xWBsrs
MNtkoOHEYIaSyvCJOFX8gkmT9Dg5zFz+OXImPJEkyF8KWy5xwqZudhKDHHaGIFIP
dCHYm6HZtjJ95SB+EuYoGus54uLkvMTB4ah+AkLZF9krx1n/gskVP3AF/dSJPuRt
huIa3tFSoxdMx+85gG/3qUPikyNypXZVtC3h+yJqU2hlO2z/ZGdeHmR3+jUxuCh9
VdNO+G+tMjQleQAgt+dSF2wt+GzwThcyRfB1eeK+2y3LIPyNWCzJq5MbXQxxDmLq
TMeXUSFaPrsMV672LSPFvW1Odr1Sn6RvtzwKLGzndpVLtlenTBpQy01Xncpx3erF
+eVmufrVuP0/m/QWHON5u7hyhVJNqS4HElirB2zIOdo2GariKMGdjpC0CU98hA1Y
ZBoeXGH9TBYPyAxa/SrIiX6n9HcpRpIUj5Qd7DZK44xWkxU8nonarMxZtG8UUztF
5li/SdVHgNyTwQB7ReBlqBAZ5dRguhl2vG+MUP8POiaDKj4OZBO4PoENROWq7UrQ
Q6bmgB3SR1EdiD904mNyo/dQvrcGjAE3w5o4zC08VwH8g3XW8FE61pFcYvDUqgje
9BVBuaIgd/pv11sjyFfVx3Q/M4E9Tx8xcfMM/V+YwseN0HJvs7+Y5Kig0RR7vWaL
Q9tpNO0NBw1btnZy/mdUU8mV/FosBI23e1jYmBdqgNXlAiiboosnz20cnsYxGXhg
NJ6eHQBA5arxIUsPC3Xd4JKH4wLXzDCQ1eGxO8saCH4Tc+oXc3n/ivn3/PN94Xw+
Dp/n5M8EV2u2AvMJISXG/SDx9rNTG4BWpeSYWNACZm/n+6hNOzPGo+DkExtPe+j3
PJH2+/iy63Roo8xVOyGn8zfooXLNwdwyYCvPdwvsoaax2Y3p0Jtsz5H8cESrZqvK
A/tNwYr0OrJ64aa+4BDFfjBTTOoNTpRcEJli6oHW4hTQd55IWqi27bppJ0pjwE1N
1GB+fTdT1M/2M9w05I9DSTuwH2AOggw7Yyn+BFZKUeqKbaOvAz2TnKol4Sit0bYa
JBrDzueuxxLuvjdcePAkmKcmStt9/kcKDsmHQKdB8ZZhPvXdrAI9od7ygAOml2bj
ZpWVMIAbpJwykIfEmT41M5/X0QCrTFCIgKj7uUArar2tEhH/CtpKjNvQ5YC/n1Ir
AFvuemyGhiL8CcJ+loil3nREc2ZubH/udTTw+wYMbXve79E+0aKHJIgMjARoxwH6
rjZP6qTofVXw8M6jnrN0V8opuahTT3ul6ZqfxzEtafDp1iSuCQfrO7jnXNydTbVg
JoEcOb6lDYooHmT6BZVYio0O/DOzzX9UzaFIUswxgJcga1Dg0/hYyB0V1wQtVH+t
VJ0aMHLcQ2jMriAfKYmr1xJDL1qnOHANWnHmOfqZbJmzQH4zIyMxO8IODTfhOTA8
AuSgsm37JM0VZPwXZf/G/Pu062eAn8fXw31PJebczpsjT0DIBProuUk3uomlfL+N
vEVYteCYEnmP7DsJriVd42y21HAq8Sy2EiM+o1qOudnznk2oxaebxRSDxruWMPtK
62KAhul6O6+lLeZtKJ0eDs0SNaW78RKfflnj/8g5CQKJEBoCzIy2k+utCh7uUHkU
uLgqF9cFfsUoq03fEcf8mo/my1tskVtiFNB4GuITg1JnNF6xJm5uFQUB0Y8Jx1ad
1Csx4wlQAS6nCW9eJeIgE5yYNPxSQGxgTAc9zVLMvq/ApoEPdvnQpKqKaUcJuPhL
EtfzXEb9qz32p2IsJUmYlvvBTk3ezMiepL5swTpbWqnt013+o3ljzEDmzob0uonj
Su0/KLfVnTk15OwzYKi9WAcQfS506LQn7Ygd+zJAWiKBNcRIOO0ST84g05E9HM/9
/JTi/i2bb/vZaipvrV81zNiAg7jeQKmGpeqHz3Z7nmXfdDrfd5x2VJvOcv3sblbs
hqbDKCu9yI4g0LS+Bxx0jaiImcZzy6y9wtVedUuL0vZXJSbhaBKpJeQIVDLMcMz1
pj6B/MVMNK/8Ya3gHALWpxnRRusLkEsbQPZw11TN6WzdZio4h/SYiUMbiiRgGWj7
zbMlD+Q4Wc2zIrLn+COO0R5aL0aPC3h40xTZeF3A3MJhW9BjU6XpsOuBY5TVKTvN
UhDx2bqGW8kGLB3FkcnHrlhvjuvw1v2PyPWWhHZgJIHsLVwcj6bfGBQCXGc6d2ha
qLfJ/oMKA2Gbjae0Z6Yc7ZD0IH9FOgbE9Q6ifu6YymFFs+YGrhopr5vMpSgmZdLd
H0mVQlVJCzljlN+iy6HHAL/tc4YV57aeu+/TCYqONY/N84dnlMjUW1Bf3KUneuSP
jV7LNKY9GqifVRJ2KxcuUYJ1h88hzrN9HM0oWS4u3KToS/oNSdJYdYNzYeoFwPqW
SX9gPzlB1q2uTGagV5UpbcLVwT0mELhkQm61GLn4GzxJlZk1UsnTzO0oiX/PmKRH
iyprUAyimNr9aOTtDG99cT/SCbuQZThkDYtL6RzsbnHzt8/vmHIHhfz7+g88gZLD
ybLl9FmHIWLk16iPAZ1PgAIt6OQlU9ve95nqW6Tu9Z8ko7+7GRnKZDcfPBm7Lkdj
E4kEyZ85/NyADzKJ4+C2+e5mLlI5NJO25M3bw7eahbsKlNuwT306dE22zngTt+6S
Kiw3453aDm3S6w3W82rOPjeAnFqOD/hSQ6gsrkKtX+/aVi6/M/0tc8i3wbRWdpoP
nOfcPjnAjZ3Z0K7IXfI+D82njxOdvRavpzy/hxs/0YKNlH7oGt8oEpEbrCVBT+nI
6Vf4AVNiXBxnGbgGYUMEDI+ANl2MZ8CFPl52ApoVD/52Fkwke9T9D/2ZzlIedrZo
QitcueRlVnIUgjdVttNfJ1VFcJ+XtNlNPNbp8BStq1oim9teA7jwyiaQ7nqUSaYf
8w4rdasxOuEF9WkbfB6+gdo6OFu8V/KFBgkt9SWpAoLZjQAcgp7gqYNyG2JN8Ca6
y+1/wWFHiIwstVFwQanUxIlZOL0LG+bkDHE9RKugoXHbdHhFuU35N6v19cEDeQYN
UZCXn+7OsOer2PMlLUIRNlPIgyYmCdTYwHaRnT/FYr8wb7O+pHWGvIHJzFQO3Fk0
/53mVkRYzMdXV41K7/y8/5THUt0XYPHCEfgoIgIPn2OzZnGmqBahJqU97G9ppkRT
Obgj39so13JM/l7yQmisB6VoxtZBqpb/+gQFnTUQRQlV0BjMspzFsSyJXTUW9BSO
qL59A/3PT+cTuc5S4jSaGb/4747Fyxz414SO6pxtVZImW941+Guozg7XLesMnqhq
iuDBtN54zmxbpovwYBmwImKY9ubHte6QLCSDdy8yTDs0GhW6OrORJxTW7jmdmrYv
IGnIqfStQZjLFWich7OD7DrcuBWZNg4n+po6OZhUjaNJk/8U6ruMNlkTEfjSph1B
egFSHuP0JhB6Jy/vYoa4kmMNEg1FEhRjz/E0E8YJdykrZmxKFp14KFjMyS7Msxip
VHUjUOu0ZJCwJ9E6jF6Dq23S/nP/TMIlkQNNZvNzTZjZ/Gaz3+6VD/MJ/bOIhaUx
Ujufk18VRGf/zjObyE/Gh7Tnm6nV+OQ6U9H1rOa1Nvqbu4z3p0nWe8FNdewSbtLo
y2tTi4ussVYEz/Ap3ljwo9SLgGzllJjHPR/DDflVSuoUDoGUf/x1K0OFCUwR5Agk
MkEvVKeZHV+UZmAgEsPafg==
